08:41:28 **** Build of configuration Debug for project kernel_02 ****
make all 
'Building file: ../src/dependencies/crc.c'
'Invoking: ARM R5 gcc compiler'
armr5-none-eabi-gcc -DARMR5 -Wall -O0 -g3 -I"C:\Users\harvi\FYP\kernel_02\src\dependencies" -c -fmessage-length=0 -MT"src/dependencies/crc.o" -mcpu=cortex-r5 -mfloat-abi=hard  -mfpu=vfpv3-d16 -v -I../../kernel_02_bsp/psu_cortexr5_0/include -MMD -MP -MF"src/dependencies/crc.d" -MT"src/dependencies/crc.o" -o "src/dependencies/crc.o" "../src/dependencies/crc.c"
Using built-in specs.
COLLECT_GCC=armr5-none-eabi-gcc
Target: arm-none-eabi
Configured with: /proj/esdt_sdk/gnu_abe/arm_r5/gcc-arm-none-eabi-6_2-2016q4-20161216/src/gcc/configure --build=x86_64-linux-gnu --host=i686-w64-mingw32 --target=arm-none-eabi --prefix=/proj/esdt_sdk/gnu_abe/arm_r5/gcc-arm-none-eabi-6_2-2016q4-20161216/install-mingw --libexecdir=/proj/esdt_sdk/gnu_abe/arm_r5/gcc-arm-none-eabi-6_2-2016q4-20161216/install-mingw/lib --infodir=/proj/esdt_sdk/gnu_abe/arm_r5/gcc-arm-none-eabi-6_2-2016q4-20161216/install-mingw/share/doc/gcc-arm-none-eabi/info --mandir=/proj/esdt_sdk/gnu_abe/arm_r5/gcc-arm-none-eabi-6_2-2016q4-20161216/install-mingw/share/doc/gcc-arm-none-eabi/man --htmldir=/proj/esdt_sdk/gnu_abe/arm_r5/gcc-arm-none-eabi-6_2-2016q4-20161216/install-mingw/share/doc/gcc-arm-none-eabi/html --pdfdir=/proj/esdt_sdk/gnu_abe/arm_r5/gcc-arm-none-eabi-6_2-2016q4-20161216/install-mingw/share/doc/gcc-arm-none-eabi/pdf --enable-languages=c,c++ --disable-decimal-float --disable-libffi --disable-libgomp --disable-libmudflap --disable-libquadmath --disable-libssp --disable-libstdcxx-pch --disable-nls --disable-shared --disable-threads --disable-tls --with-gnu-as --with-gnu-ld --with-headers=yes --with-newlib --with-python-dir=share/gcc-arm-none-eabi --with-sysroot=/proj/esdt_sdk/gnu_abe/arm_r5/gcc-arm-none-eabi-6_2-2016q4-20161216/install-mingw/arm-none-eabi --with-libiconv-prefix=/proj/esdt_sdk/gnu_abe/arm_r5/gcc-arm-none-eabi-6_2-2016q4-20161216/build-mingw/host-libs/usr --with-gmp=/proj/esdt_sdk/gnu_abe/arm_r5/gcc-arm-none-eabi-6_2-2016q4-20161216/build-mingw/host-libs/usr --with-mpfr=/proj/esdt_sdk/gnu_abe/arm_r5/gcc-arm-none-eabi-6_2-2016q4-20161216/build-mingw/host-libs/usr --with-mpc=/proj/esdt_sdk/gnu_abe/arm_r5/gcc-arm-none-eabi-6_2-2016q4-20161216/build-mingw/host-libs/usr --with-isl=/proj/esdt_sdk/gnu_abe/arm_r5/gcc-arm-none-eabi-6_2-2016q4-20161216/build-mingw/host-libs/usr --with-libelf=/proj/esdt_sdk/gnu_abe/arm_r5/gcc-arm-none-eabi-6_2-2016q4-20161216/build-mingw/host-libs/usr --with-host-libstdcxx='-static-libgcc -Wl,-Bstatic,-lstdc++,-Bdynamic -lm' --with-pkgversion='GNU Tools for ARM Embedded Processors' --with-multilib-list=rmprofile
Thread model: single
gcc version 8.2.0 (GNU Tools for ARM Embedded Processors) 
COLLECT_GCC_OPTIONS='-D' 'ARMR5' '-Wall' '-O0' '-g3' '-I' 'C:\Users\harvi\FYP\kernel_02\src\dependencies' '-c' '-fmessage-length=0' '-MT' 'src/dependencies/crc.o' '-mcpu=cortex-r5' '-mfloat-abi=hard' '-mfpu=vfpv3-d16' '-v' '-I' '../../kernel_02_bsp/psu_cortexr5_0/include' '-MMD' '-MP' '-MF' 'src/dependencies/crc.d' '-MT' 'src/dependencies/crc.o' '-o' 'src/dependencies/crc.o' '-marm' '-march=armv7-r+fp+idiv'
 c:/xilinx/sdk/2019.1/gnu/armr5/nt/gcc-arm-none-eabi/bin/../lib/gcc/arm-none-eabi/8.2.0/cc1.exe -quiet -v -I C:\Users\harvi\FYP\kernel_02\src\dependencies -I ../../kernel_02_bsp/psu_cortexr5_0/include -imultilib thumb/v7+fp/hard -iprefix c:\xilinx\sdk\2019.1\gnu\armr5\nt\gcc-arm-none-eabi\bin\../lib/gcc/arm-none-eabi/8.2.0/ -isysroot c:\xilinx\sdk\2019.1\gnu\armr5\nt\gcc-arm-none-eabi\bin\../arm-none-eabi -MMD src/dependencies/crc.d -MF src/dependencies/crc.d -MP -MT src/dependencies/crc.o -MT src/dependencies/crc.o -dD -D__USES_INITFINI__ -D ARMR5 ../src/dependencies/crc.c -quiet -dumpbase crc.c -mcpu=cortex-r5 -mfloat-abi=hard -mfpu=vfpv3-d16 -marm -march=armv7-r+fp+idiv -auxbase-strip src/dependencies/crc.o -g3 -O0 -Wall -version -fmessage-length=0 -o C:\Users\harvi\AppData\Local\Temp\ccHyQhyc.s
GNU C17 (GNU Tools for ARM Embedded Processors) version 8.2.0 (arm-none-eabi)
	compiled by GNU C version 4.8.0 20121015 (experimental), GMP version 6.1.0, MPFR version 3.1.4, MPC version 1.0.3, isl version isl-0.15-GMP

GGC heuristics: --param ggc-min-expand=100 --param ggc-min-heapsize=131072
ignoring duplicate directory "c:/xilinx/sdk/2019.1/gnu/armr5/nt/gcc-arm-none-eabi/lib/gcc/../../lib/gcc/arm-none-eabi/8.2.0/include"
ignoring nonexistent directory "c:\xilinx\sdk\2019.1\gnu\armr5\nt\gcc-arm-none-eabi\bin\../arm-none-eabi/proj/esdt_sdk/gnu_abe/arm_r5/gcc-arm-none-eabi-6_2-2016q4-20161216/install-mingw/lib/gcc/arm-none-eabi/8.2.0/../../../../include"
ignoring duplicate directory "c:/xilinx/sdk/2019.1/gnu/armr5/nt/gcc-arm-none-eabi/lib/gcc/../../lib/gcc/arm-none-eabi/8.2.0/include-fixed"
ignoring duplicate directory "c:/xilinx/sdk/2019.1/gnu/armr5/nt/gcc-arm-none-eabi/lib/gcc/../../lib/gcc/arm-none-eabi/8.2.0/../../../../arm-none-eabi/include"
ignoring nonexistent directory "c:\xilinx\sdk\2019.1\gnu\armr5\nt\gcc-arm-none-eabi\bin\../arm-none-eabi/usr/include"
#include "..." search starts here:
#include <...> search starts here:
 C:\Users\harvi\FYP\kernel_02\src\dependencies
 ../../kernel_02_bsp/psu_cortexr5_0/include
 c:\xilinx\sdk\2019.1\gnu\armr5\nt\gcc-arm-none-eabi\bin\../lib/gcc/arm-none-eabi/8.2.0/include
 c:\xilinx\sdk\2019.1\gnu\armr5\nt\gcc-arm-none-eabi\bin\../lib/gcc/arm-none-eabi/8.2.0/include-fixed
 c:\xilinx\sdk\2019.1\gnu\armr5\nt\gcc-arm-none-eabi\bin\../lib/gcc/arm-none-eabi/8.2.0/../../../../arm-none-eabi/include
End of search list.
GNU C17 (GNU Tools for ARM Embedded Processors) version 8.2.0 (arm-none-eabi)
	compiled by GNU C version 4.8.0 20121015 (experimental), GMP version 6.1.0, MPFR version 3.1.4, MPC version 1.0.3, isl version isl-0.15-GMP

GGC heuristics: --param ggc-min-expand=100 --param ggc-min-heapsize=131072
Compiler executable checksum: e5585b6776f513651d04f4c3b5c122c0
COLLECT_GCC_OPTIONS='-D' 'ARMR5' '-Wall' '-O0' '-g3' '-I' 'C:\Users\harvi\FYP\kernel_02\src\dependencies' '-c' '-fmessage-length=0' '-MT' 'src/dependencies/crc.o' '-mcpu=cortex-r5' '-mfloat-abi=hard' '-mfpu=vfpv3-d16' '-v' '-I' '../../kernel_02_bsp/psu_cortexr5_0/include' '-MMD' '-MP' '-MF' 'src/dependencies/crc.d' '-MT' 'src/dependencies/crc.o' '-o' 'src/dependencies/crc.o' '-marm' '-march=armv7-r+fp+idiv'
 c:/xilinx/sdk/2019.1/gnu/armr5/nt/gcc-arm-none-eabi/bin/../lib/gcc/arm-none-eabi/8.2.0/../../../../arm-none-eabi/bin/as.exe -v -I C:\Users\harvi\FYP\kernel_02\src\dependencies -I ../../kernel_02_bsp/psu_cortexr5_0/include -march=armv7-r+idiv -mfloat-abi=hard -mfpu=vfpv3-d16 -meabi=5 -o src/dependencies/crc.o C:\Users\harvi\AppData\Local\Temp\ccHyQhyc.s
GNU assembler version 2.31 (arm-none-eabi) using BFD version (GNU Tools for ARM Embedded Processors) 2.31
COMPILER_PATH=c:/xilinx/sdk/2019.1/gnu/armr5/nt/gcc-arm-none-eabi/bin/../lib/gcc/arm-none-eabi/8.2.0/;c:/xilinx/sdk/2019.1/gnu/armr5/nt/gcc-arm-none-eabi/bin/../lib/gcc/;c:/xilinx/sdk/2019.1/gnu/armr5/nt/gcc-arm-none-eabi/bin/../lib/gcc/arm-none-eabi/8.2.0/../../../../arm-none-eabi/bin/
LIBRARY_PATH=c:/xilinx/sdk/2019.1/gnu/armr5/nt/gcc-arm-none-eabi/bin/../lib/gcc/arm-none-eabi/8.2.0/thumb/v7+fp/hard/;c:/xilinx/sdk/2019.1/gnu/armr5/nt/gcc-arm-none-eabi/bin/../lib/gcc/arm-none-eabi/8.2.0/../../../../arm-none-eabi/lib/thumb/v7+fp/hard/;c:/xilinx/sdk/2019.1/gnu/armr5/nt/gcc-arm-none-eabi/bin/../arm-none-eabi/lib/thumb/v7+fp/hard/;c:/xilinx/sdk/2019.1/gnu/armr5/nt/gcc-arm-none-eabi/bin/../lib/gcc/arm-none-eabi/8.2.0/;c:/xilinx/sdk/2019.1/gnu/armr5/nt/gcc-arm-none-eabi/bin/../lib/gcc/;c:/xilinx/sdk/2019.1/gnu/armr5/nt/gcc-arm-none-eabi/bin/../lib/gcc/arm-none-eabi/8.2.0/../../../../arm-none-eabi/lib/;c:/xilinx/sdk/2019.1/gnu/armr5/nt/gcc-arm-none-eabi/bin/../arm-none-eabi/lib/
COLLECT_GCC_OPTIONS='-D' 'ARMR5' '-Wall' '-O0' '-g3' '-I' 'C:\Users\harvi\FYP\kernel_02\src\dependencies' '-c' '-fmessage-length=0' '-MT' 'src/dependencies/crc.o' '-mcpu=cortex-r5' '-mfloat-abi=hard' '-mfpu=vfpv3-d16' '-v' '-I' '../../kernel_02_bsp/psu_cortexr5_0/include' '-MMD' '-MP' '-MF' 'src/dependencies/crc.d' '-MT' 'src/dependencies/crc.o' '-o' 'src/dependencies/crc.o' '-marm' '-march=armv7-r+fp+idiv'
'Finished building: ../src/dependencies/crc.c'
' '
'Building file: ../src/dependencies/heap.c'
'Invoking: ARM R5 gcc compiler'
armr5-none-eabi-gcc -DARMR5 -Wall -O0 -g3 -I"C:\Users\harvi\FYP\kernel_02\src\dependencies" -c -fmessage-length=0 -MT"src/dependencies/heap.o" -mcpu=cortex-r5 -mfloat-abi=hard  -mfpu=vfpv3-d16 -v -I../../kernel_02_bsp/psu_cortexr5_0/include -MMD -MP -MF"src/dependencies/heap.d" -MT"src/dependencies/heap.o" -o "src/dependencies/heap.o" "../src/dependencies/heap.c"
Using built-in specs.
COLLECT_GCC=armr5-none-eabi-gcc
Target: arm-none-eabi
Configured with: /proj/esdt_sdk/gnu_abe/arm_r5/gcc-arm-none-eabi-6_2-2016q4-20161216/src/gcc/configure --build=x86_64-linux-gnu --host=i686-w64-mingw32 --target=arm-none-eabi --prefix=/proj/esdt_sdk/gnu_abe/arm_r5/gcc-arm-none-eabi-6_2-2016q4-20161216/install-mingw --libexecdir=/proj/esdt_sdk/gnu_abe/arm_r5/gcc-arm-none-eabi-6_2-2016q4-20161216/install-mingw/lib --infodir=/proj/esdt_sdk/gnu_abe/arm_r5/gcc-arm-none-eabi-6_2-2016q4-20161216/install-mingw/share/doc/gcc-arm-none-eabi/info --mandir=/proj/esdt_sdk/gnu_abe/arm_r5/gcc-arm-none-eabi-6_2-2016q4-20161216/install-mingw/share/doc/gcc-arm-none-eabi/man --htmldir=/proj/esdt_sdk/gnu_abe/arm_r5/gcc-arm-none-eabi-6_2-2016q4-20161216/install-mingw/share/doc/gcc-arm-none-eabi/html --pdfdir=/proj/esdt_sdk/gnu_abe/arm_r5/gcc-arm-none-eabi-6_2-2016q4-20161216/install-mingw/share/doc/gcc-arm-none-eabi/pdf --enable-languages=c,c++ --disable-decimal-float --disable-libffi --disable-libgomp --disable-libmudflap --disable-libquadmath --disable-libssp --disable-libstdcxx-pch --disable-nls --disable-shared --disable-threads --disable-tls --with-gnu-as --with-gnu-ld --with-headers=yes --with-newlib --with-python-dir=share/gcc-arm-none-eabi --with-sysroot=/proj/esdt_sdk/gnu_abe/arm_r5/gcc-arm-none-eabi-6_2-2016q4-20161216/install-mingw/arm-none-eabi --with-libiconv-prefix=/proj/esdt_sdk/gnu_abe/arm_r5/gcc-arm-none-eabi-6_2-2016q4-20161216/build-mingw/host-libs/usr --with-gmp=/proj/esdt_sdk/gnu_abe/arm_r5/gcc-arm-none-eabi-6_2-2016q4-20161216/build-mingw/host-libs/usr --with-mpfr=/proj/esdt_sdk/gnu_abe/arm_r5/gcc-arm-none-eabi-6_2-2016q4-20161216/build-mingw/host-libs/usr --with-mpc=/proj/esdt_sdk/gnu_abe/arm_r5/gcc-arm-none-eabi-6_2-2016q4-20161216/build-mingw/host-libs/usr --with-isl=/proj/esdt_sdk/gnu_abe/arm_r5/gcc-arm-none-eabi-6_2-2016q4-20161216/build-mingw/host-libs/usr --with-libelf=/proj/esdt_sdk/gnu_abe/arm_r5/gcc-arm-none-eabi-6_2-2016q4-20161216/build-mingw/host-libs/usr --with-host-libstdcxx='-static-libgcc -Wl,-Bstatic,-lstdc++,-Bdynamic -lm' --with-pkgversion='GNU Tools for ARM Embedded Processors' --with-multilib-list=rmprofile
Thread model: single
gcc version 8.2.0 (GNU Tools for ARM Embedded Processors) 
COLLECT_GCC_OPTIONS='-D' 'ARMR5' '-Wall' '-O0' '-g3' '-I' 'C:\Users\harvi\FYP\kernel_02\src\dependencies' '-c' '-fmessage-length=0' '-MT' 'src/dependencies/heap.o' '-mcpu=cortex-r5' '-mfloat-abi=hard' '-mfpu=vfpv3-d16' '-v' '-I' '../../kernel_02_bsp/psu_cortexr5_0/include' '-MMD' '-MP' '-MF' 'src/dependencies/heap.d' '-MT' 'src/dependencies/heap.o' '-o' 'src/dependencies/heap.o' '-marm' '-march=armv7-r+fp+idiv'
 c:/xilinx/sdk/2019.1/gnu/armr5/nt/gcc-arm-none-eabi/bin/../lib/gcc/arm-none-eabi/8.2.0/cc1.exe -quiet -v -I C:\Users\harvi\FYP\kernel_02\src\dependencies -I ../../kernel_02_bsp/psu_cortexr5_0/include -imultilib thumb/v7+fp/hard -iprefix c:\xilinx\sdk\2019.1\gnu\armr5\nt\gcc-arm-none-eabi\bin\../lib/gcc/arm-none-eabi/8.2.0/ -isysroot c:\xilinx\sdk\2019.1\gnu\armr5\nt\gcc-arm-none-eabi\bin\../arm-none-eabi -MMD src/dependencies/heap.d -MF src/dependencies/heap.d -MP -MT src/dependencies/heap.o -MT src/dependencies/heap.o -dD -D__USES_INITFINI__ -D ARMR5 ../src/dependencies/heap.c -quiet -dumpbase heap.c -mcpu=cortex-r5 -mfloat-abi=hard -mfpu=vfpv3-d16 -marm -march=armv7-r+fp+idiv -auxbase-strip src/dependencies/heap.o -g3 -O0 -Wall -version -fmessage-length=0 -o C:\Users\harvi\AppData\Local\Temp\ccxYtMPg.s
GNU C17 (GNU Tools for ARM Embedded Processors) version 8.2.0 (arm-none-eabi)
	compiled by GNU C version 4.8.0 20121015 (experimental), GMP version 6.1.0, MPFR version 3.1.4, MPC version 1.0.3, isl version isl-0.15-GMP

GGC heuristics: --param ggc-min-expand=100 --param ggc-min-heapsize=131072
ignoring duplicate directory "c:/xilinx/sdk/2019.1/gnu/armr5/nt/gcc-arm-none-eabi/lib/gcc/../../lib/gcc/arm-none-eabi/8.2.0/include"
ignoring nonexistent directory "c:\xilinx\sdk\2019.1\gnu\armr5\nt\gcc-arm-none-eabi\bin\../arm-none-eabi/proj/esdt_sdk/gnu_abe/arm_r5/gcc-arm-none-eabi-6_2-2016q4-20161216/install-mingw/lib/gcc/arm-none-eabi/8.2.0/../../../../include"
ignoring duplicate directory "c:/xilinx/sdk/2019.1/gnu/armr5/nt/gcc-arm-none-eabi/lib/gcc/../../lib/gcc/arm-none-eabi/8.2.0/include-fixed"
ignoring duplicate directory "c:/xilinx/sdk/2019.1/gnu/armr5/nt/gcc-arm-none-eabi/lib/gcc/../../lib/gcc/arm-none-eabi/8.2.0/../../../../arm-none-eabi/include"
ignoring nonexistent directory "c:\xilinx\sdk\2019.1\gnu\armr5\nt\gcc-arm-none-eabi\bin\../arm-none-eabi/usr/include"
#include "..." search starts here:
#include <...> search starts here:
 C:\Users\harvi\FYP\kernel_02\src\dependencies
 ../../kernel_02_bsp/psu_cortexr5_0/include
 c:\xilinx\sdk\2019.1\gnu\armr5\nt\gcc-arm-none-eabi\bin\../lib/gcc/arm-none-eabi/8.2.0/include
 c:\xilinx\sdk\2019.1\gnu\armr5\nt\gcc-arm-none-eabi\bin\../lib/gcc/arm-none-eabi/8.2.0/include-fixed
 c:\xilinx\sdk\2019.1\gnu\armr5\nt\gcc-arm-none-eabi\bin\../lib/gcc/arm-none-eabi/8.2.0/../../../../arm-none-eabi/include
End of search list.
GNU C17 (GNU Tools for ARM Embedded Processors) version 8.2.0 (arm-none-eabi)
	compiled by GNU C version 4.8.0 20121015 (experimental), GMP version 6.1.0, MPFR version 3.1.4, MPC version 1.0.3, isl version isl-0.15-GMP

GGC heuristics: --param ggc-min-expand=100 --param ggc-min-heapsize=131072
Compiler executable checksum: e5585b6776f513651d04f4c3b5c122c0
COLLECT_GCC_OPTIONS='-D' 'ARMR5' '-Wall' '-O0' '-g3' '-I' 'C:\Users\harvi\FYP\kernel_02\src\dependencies' '-c' '-fmessage-length=0' '-MT' 'src/dependencies/heap.o' '-mcpu=cortex-r5' '-mfloat-abi=hard' '-mfpu=vfpv3-d16' '-v' '-I' '../../kernel_02_bsp/psu_cortexr5_0/include' '-MMD' '-MP' '-MF' 'src/dependencies/heap.d' '-MT' 'src/dependencies/heap.o' '-o' 'src/dependencies/heap.o' '-marm' '-march=armv7-r+fp+idiv'
 c:/xilinx/sdk/2019.1/gnu/armr5/nt/gcc-arm-none-eabi/bin/../lib/gcc/arm-none-eabi/8.2.0/../../../../arm-none-eabi/bin/as.exe -v -I C:\Users\harvi\FYP\kernel_02\src\dependencies -I ../../kernel_02_bsp/psu_cortexr5_0/include -march=armv7-r+idiv -mfloat-abi=hard -mfpu=vfpv3-d16 -meabi=5 -o src/dependencies/heap.o C:\Users\harvi\AppData\Local\Temp\ccxYtMPg.s
GNU assembler version 2.31 (arm-none-eabi) using BFD version (GNU Tools for ARM Embedded Processors) 2.31
COMPILER_PATH=c:/xilinx/sdk/2019.1/gnu/armr5/nt/gcc-arm-none-eabi/bin/../lib/gcc/arm-none-eabi/8.2.0/;c:/xilinx/sdk/2019.1/gnu/armr5/nt/gcc-arm-none-eabi/bin/../lib/gcc/;c:/xilinx/sdk/2019.1/gnu/armr5/nt/gcc-arm-none-eabi/bin/../lib/gcc/arm-none-eabi/8.2.0/../../../../arm-none-eabi/bin/
LIBRARY_PATH=c:/xilinx/sdk/2019.1/gnu/armr5/nt/gcc-arm-none-eabi/bin/../lib/gcc/arm-none-eabi/8.2.0/thumb/v7+fp/hard/;c:/xilinx/sdk/2019.1/gnu/armr5/nt/gcc-arm-none-eabi/bin/../lib/gcc/arm-none-eabi/8.2.0/../../../../arm-none-eabi/lib/thumb/v7+fp/hard/;c:/xilinx/sdk/2019.1/gnu/armr5/nt/gcc-arm-none-eabi/bin/../arm-none-eabi/lib/thumb/v7+fp/hard/;c:/xilinx/sdk/2019.1/gnu/armr5/nt/gcc-arm-none-eabi/bin/../lib/gcc/arm-none-eabi/8.2.0/;c:/xilinx/sdk/2019.1/gnu/armr5/nt/gcc-arm-none-eabi/bin/../lib/gcc/;c:/xilinx/sdk/2019.1/gnu/armr5/nt/gcc-arm-none-eabi/bin/../lib/gcc/arm-none-eabi/8.2.0/../../../../arm-none-eabi/lib/;c:/xilinx/sdk/2019.1/gnu/armr5/nt/gcc-arm-none-eabi/bin/../arm-none-eabi/lib/
COLLECT_GCC_OPTIONS='-D' 'ARMR5' '-Wall' '-O0' '-g3' '-I' 'C:\Users\harvi\FYP\kernel_02\src\dependencies' '-c' '-fmessage-length=0' '-MT' 'src/dependencies/heap.o' '-mcpu=cortex-r5' '-mfloat-abi=hard' '-mfpu=vfpv3-d16' '-v' '-I' '../../kernel_02_bsp/psu_cortexr5_0/include' '-MMD' '-MP' '-MF' 'src/dependencies/heap.d' '-MT' 'src/dependencies/heap.o' '-o' 'src/dependencies/heap.o' '-marm' '-march=armv7-r+fp+idiv'
'Finished building: ../src/dependencies/heap.c'
' '
'Building file: ../src/dependencies/thal.c'
'Invoking: ARM R5 gcc compiler'
armr5-none-eabi-gcc -DARMR5 -Wall -O0 -g3 -I"C:\Users\harvi\FYP\kernel_02\src\dependencies" -c -fmessage-length=0 -MT"src/dependencies/thal.o" -mcpu=cortex-r5 -mfloat-abi=hard  -mfpu=vfpv3-d16 -v -I../../kernel_02_bsp/psu_cortexr5_0/include -MMD -MP -MF"src/dependencies/thal.d" -MT"src/dependencies/thal.o" -o "src/dependencies/thal.o" "../src/dependencies/thal.c"
Using built-in specs.
COLLECT_GCC=armr5-none-eabi-gcc
Target: arm-none-eabi
Configured with: /proj/esdt_sdk/gnu_abe/arm_r5/gcc-arm-none-eabi-6_2-2016q4-20161216/src/gcc/configure --build=x86_64-linux-gnu --host=i686-w64-mingw32 --target=arm-none-eabi --prefix=/proj/esdt_sdk/gnu_abe/arm_r5/gcc-arm-none-eabi-6_2-2016q4-20161216/install-mingw --libexecdir=/proj/esdt_sdk/gnu_abe/arm_r5/gcc-arm-none-eabi-6_2-2016q4-20161216/install-mingw/lib --infodir=/proj/esdt_sdk/gnu_abe/arm_r5/gcc-arm-none-eabi-6_2-2016q4-20161216/install-mingw/share/doc/gcc-arm-none-eabi/info --mandir=/proj/esdt_sdk/gnu_abe/arm_r5/gcc-arm-none-eabi-6_2-2016q4-20161216/install-mingw/share/doc/gcc-arm-none-eabi/man --htmldir=/proj/esdt_sdk/gnu_abe/arm_r5/gcc-arm-none-eabi-6_2-2016q4-20161216/install-mingw/share/doc/gcc-arm-none-eabi/html --pdfdir=/proj/esdt_sdk/gnu_abe/arm_r5/gcc-arm-none-eabi-6_2-2016q4-20161216/install-mingw/share/doc/gcc-arm-none-eabi/pdf --enable-languages=c,c++ --disable-decimal-float --disable-libffi --disable-libgomp --disable-libmudflap --disable-libquadmath --disable-libssp --disable-libstdcxx-pch --disable-nls --disable-shared --disable-threads --disable-tls --with-gnu-as --with-gnu-ld --with-headers=yes --with-newlib --with-python-dir=share/gcc-arm-none-eabi --with-sysroot=/proj/esdt_sdk/gnu_abe/arm_r5/gcc-arm-none-eabi-6_2-2016q4-20161216/install-mingw/arm-none-eabi --with-libiconv-prefix=/proj/esdt_sdk/gnu_abe/arm_r5/gcc-arm-none-eabi-6_2-2016q4-20161216/build-mingw/host-libs/usr --with-gmp=/proj/esdt_sdk/gnu_abe/arm_r5/gcc-arm-none-eabi-6_2-2016q4-20161216/build-mingw/host-libs/usr --with-mpfr=/proj/esdt_sdk/gnu_abe/arm_r5/gcc-arm-none-eabi-6_2-2016q4-20161216/build-mingw/host-libs/usr --with-mpc=/proj/esdt_sdk/gnu_abe/arm_r5/gcc-arm-none-eabi-6_2-2016q4-20161216/build-mingw/host-libs/usr --with-isl=/proj/esdt_sdk/gnu_abe/arm_r5/gcc-arm-none-eabi-6_2-2016q4-20161216/build-mingw/host-libs/usr --with-libelf=/proj/esdt_sdk/gnu_abe/arm_r5/gcc-arm-none-eabi-6_2-2016q4-20161216/build-mingw/host-libs/usr --with-host-libstdcxx='-static-libgcc -Wl,-Bstatic,-lstdc++,-Bdynamic -lm' --with-pkgversion='GNU Tools for ARM Embedded Processors' --with-multilib-list=rmprofile
Thread model: single
gcc version 8.2.0 (GNU Tools for ARM Embedded Processors) 
COLLECT_GCC_OPTIONS='-D' 'ARMR5' '-Wall' '-O0' '-g3' '-I' 'C:\Users\harvi\FYP\kernel_02\src\dependencies' '-c' '-fmessage-length=0' '-MT' 'src/dependencies/thal.o' '-mcpu=cortex-r5' '-mfloat-abi=hard' '-mfpu=vfpv3-d16' '-v' '-I' '../../kernel_02_bsp/psu_cortexr5_0/include' '-MMD' '-MP' '-MF' 'src/dependencies/thal.d' '-MT' 'src/dependencies/thal.o' '-o' 'src/dependencies/thal.o' '-marm' '-march=armv7-r+fp+idiv'
 c:/xilinx/sdk/2019.1/gnu/armr5/nt/gcc-arm-none-eabi/bin/../lib/gcc/arm-none-eabi/8.2.0/cc1.exe -quiet -v -I C:\Users\harvi\FYP\kernel_02\src\dependencies -I ../../kernel_02_bsp/psu_cortexr5_0/include -imultilib thumb/v7+fp/hard -iprefix c:\xilinx\sdk\2019.1\gnu\armr5\nt\gcc-arm-none-eabi\bin\../lib/gcc/arm-none-eabi/8.2.0/ -isysroot c:\xilinx\sdk\2019.1\gnu\armr5\nt\gcc-arm-none-eabi\bin\../arm-none-eabi -MMD src/dependencies/thal.d -MF src/dependencies/thal.d -MP -MT src/dependencies/thal.o -MT src/dependencies/thal.o -dD -D__USES_INITFINI__ -D ARMR5 ../src/dependencies/thal.c -quiet -dumpbase thal.c -mcpu=cortex-r5 -mfloat-abi=hard -mfpu=vfpv3-d16 -marm -march=armv7-r+fp+idiv -auxbase-strip src/dependencies/thal.o -g3 -O0 -Wall -version -fmessage-length=0 -o C:\Users\harvi\AppData\Local\Temp\ccZWZb0g.s
GNU C17 (GNU Tools for ARM Embedded Processors) version 8.2.0 (arm-none-eabi)
	compiled by GNU C version 4.8.0 20121015 (experimental), GMP version 6.1.0, MPFR version 3.1.4, MPC version 1.0.3, isl version isl-0.15-GMP

GGC heuristics: --param ggc-min-expand=100 --param ggc-min-heapsize=131072
ignoring duplicate directory "c:/xilinx/sdk/2019.1/gnu/armr5/nt/gcc-arm-none-eabi/lib/gcc/../../lib/gcc/arm-none-eabi/8.2.0/include"
ignoring nonexistent directory "c:\xilinx\sdk\2019.1\gnu\armr5\nt\gcc-arm-none-eabi\bin\../arm-none-eabi/proj/esdt_sdk/gnu_abe/arm_r5/gcc-arm-none-eabi-6_2-2016q4-20161216/install-mingw/lib/gcc/arm-none-eabi/8.2.0/../../../../include"
ignoring duplicate directory "c:/xilinx/sdk/2019.1/gnu/armr5/nt/gcc-arm-none-eabi/lib/gcc/../../lib/gcc/arm-none-eabi/8.2.0/include-fixed"
ignoring duplicate directory "c:/xilinx/sdk/2019.1/gnu/armr5/nt/gcc-arm-none-eabi/lib/gcc/../../lib/gcc/arm-none-eabi/8.2.0/../../../../arm-none-eabi/include"
ignoring nonexistent directory "c:\xilinx\sdk\2019.1\gnu\armr5\nt\gcc-arm-none-eabi\bin\../arm-none-eabi/usr/include"
#include "..." search starts here:
#include <...> search starts here:
 C:\Users\harvi\FYP\kernel_02\src\dependencies
 ../../kernel_02_bsp/psu_cortexr5_0/include
 c:\xilinx\sdk\2019.1\gnu\armr5\nt\gcc-arm-none-eabi\bin\../lib/gcc/arm-none-eabi/8.2.0/include
 c:\xilinx\sdk\2019.1\gnu\armr5\nt\gcc-arm-none-eabi\bin\../lib/gcc/arm-none-eabi/8.2.0/include-fixed
 c:\xilinx\sdk\2019.1\gnu\armr5\nt\gcc-arm-none-eabi\bin\../lib/gcc/arm-none-eabi/8.2.0/../../../../arm-none-eabi/include
End of search list.
GNU C17 (GNU Tools for ARM Embedded Processors) version 8.2.0 (arm-none-eabi)
	compiled by GNU C version 4.8.0 20121015 (experimental), GMP version 6.1.0, MPFR version 3.1.4, MPC version 1.0.3, isl version isl-0.15-GMP

GGC heuristics: --param ggc-min-expand=100 --param ggc-min-heapsize=131072
Compiler executable checksum: e5585b6776f513651d04f4c3b5c122c0
In file included from ../src/dependencies/thal.c:125:
../../kernel_02_bsp/psu_cortexr5_0/include/xtime_l.h:78:9: note: #pragma message: For the sleep routines, TTC3 is used if present else the assembly instructions are called
 #pragma message ("For the sleep routines, TTC3 is used if present else the assembly instructions are called")
         ^~~~~~~
COLLECT_GCC_OPTIONS='-D' 'ARMR5' '-Wall' '-O0' '-g3' '-I' 'C:\Users\harvi\FYP\kernel_02\src\dependencies' '-c' '-fmessage-length=0' '-MT' 'src/dependencies/thal.o' '-mcpu=cortex-r5' '-mfloat-abi=hard' '-mfpu=vfpv3-d16' '-v' '-I' '../../kernel_02_bsp/psu_cortexr5_0/include' '-MMD' '-MP' '-MF' 'src/dependencies/thal.d' '-MT' 'src/dependencies/thal.o' '-o' 'src/dependencies/thal.o' '-marm' '-march=armv7-r+fp+idiv'
 c:/xilinx/sdk/2019.1/gnu/armr5/nt/gcc-arm-none-eabi/bin/../lib/gcc/arm-none-eabi/8.2.0/../../../../arm-none-eabi/bin/as.exe -v -I C:\Users\harvi\FYP\kernel_02\src\dependencies -I ../../kernel_02_bsp/psu_cortexr5_0/include -march=armv7-r+idiv -mfloat-abi=hard -mfpu=vfpv3-d16 -meabi=5 -o src/dependencies/thal.o C:\Users\harvi\AppData\Local\Temp\ccZWZb0g.s
GNU assembler version 2.31 (arm-none-eabi) using BFD version (GNU Tools for ARM Embedded Processors) 2.31
COMPILER_PATH=c:/xilinx/sdk/2019.1/gnu/armr5/nt/gcc-arm-none-eabi/bin/../lib/gcc/arm-none-eabi/8.2.0/;c:/xilinx/sdk/2019.1/gnu/armr5/nt/gcc-arm-none-eabi/bin/../lib/gcc/;c:/xilinx/sdk/2019.1/gnu/armr5/nt/gcc-arm-none-eabi/bin/../lib/gcc/arm-none-eabi/8.2.0/../../../../arm-none-eabi/bin/
LIBRARY_PATH=c:/xilinx/sdk/2019.1/gnu/armr5/nt/gcc-arm-none-eabi/bin/../lib/gcc/arm-none-eabi/8.2.0/thumb/v7+fp/hard/;c:/xilinx/sdk/2019.1/gnu/armr5/nt/gcc-arm-none-eabi/bin/../lib/gcc/arm-none-eabi/8.2.0/../../../../arm-none-eabi/lib/thumb/v7+fp/hard/;c:/xilinx/sdk/2019.1/gnu/armr5/nt/gcc-arm-none-eabi/bin/../arm-none-eabi/lib/thumb/v7+fp/hard/;c:/xilinx/sdk/2019.1/gnu/armr5/nt/gcc-arm-none-eabi/bin/../lib/gcc/arm-none-eabi/8.2.0/;c:/xilinx/sdk/2019.1/gnu/armr5/nt/gcc-arm-none-eabi/bin/../lib/gcc/;c:/xilinx/sdk/2019.1/gnu/armr5/nt/gcc-arm-none-eabi/bin/../lib/gcc/arm-none-eabi/8.2.0/../../../../arm-none-eabi/lib/;c:/xilinx/sdk/2019.1/gnu/armr5/nt/gcc-arm-none-eabi/bin/../arm-none-eabi/lib/
COLLECT_GCC_OPTIONS='-D' 'ARMR5' '-Wall' '-O0' '-g3' '-I' 'C:\Users\harvi\FYP\kernel_02\src\dependencies' '-c' '-fmessage-length=0' '-MT' 'src/dependencies/thal.o' '-mcpu=cortex-r5' '-mfloat-abi=hard' '-mfpu=vfpv3-d16' '-v' '-I' '../../kernel_02_bsp/psu_cortexr5_0/include' '-MMD' '-MP' '-MF' 'src/dependencies/thal.d' '-MT' 'src/dependencies/thal.o' '-o' 'src/dependencies/thal.o' '-marm' '-march=armv7-r+fp+idiv'
'Finished building: ../src/dependencies/thal.c'
' '
'Building file: ../src/dependencies/thlib.c'
'Invoking: ARM R5 gcc compiler'
armr5-none-eabi-gcc -DARMR5 -Wall -O0 -g3 -I"C:\Users\harvi\FYP\kernel_02\src\dependencies" -c -fmessage-length=0 -MT"src/dependencies/thlib.o" -mcpu=cortex-r5 -mfloat-abi=hard  -mfpu=vfpv3-d16 -v -I../../kernel_02_bsp/psu_cortexr5_0/include -MMD -MP -MF"src/dependencies/thlib.d" -MT"src/dependencies/thlib.o" -o "src/dependencies/thlib.o" "../src/dependencies/thlib.c"
Using built-in specs.
COLLECT_GCC=armr5-none-eabi-gcc
Target: arm-none-eabi
Configured with: /proj/esdt_sdk/gnu_abe/arm_r5/gcc-arm-none-eabi-6_2-2016q4-20161216/src/gcc/configure --build=x86_64-linux-gnu --host=i686-w64-mingw32 --target=arm-none-eabi --prefix=/proj/esdt_sdk/gnu_abe/arm_r5/gcc-arm-none-eabi-6_2-2016q4-20161216/install-mingw --libexecdir=/proj/esdt_sdk/gnu_abe/arm_r5/gcc-arm-none-eabi-6_2-2016q4-20161216/install-mingw/lib --infodir=/proj/esdt_sdk/gnu_abe/arm_r5/gcc-arm-none-eabi-6_2-2016q4-20161216/install-mingw/share/doc/gcc-arm-none-eabi/info --mandir=/proj/esdt_sdk/gnu_abe/arm_r5/gcc-arm-none-eabi-6_2-2016q4-20161216/install-mingw/share/doc/gcc-arm-none-eabi/man --htmldir=/proj/esdt_sdk/gnu_abe/arm_r5/gcc-arm-none-eabi-6_2-2016q4-20161216/install-mingw/share/doc/gcc-arm-none-eabi/html --pdfdir=/proj/esdt_sdk/gnu_abe/arm_r5/gcc-arm-none-eabi-6_2-2016q4-20161216/install-mingw/share/doc/gcc-arm-none-eabi/pdf --enable-languages=c,c++ --disable-decimal-float --disable-libffi --disable-libgomp --disable-libmudflap --disable-libquadmath --disable-libssp --disable-libstdcxx-pch --disable-nls --disable-shared --disable-threads --disable-tls --with-gnu-as --with-gnu-ld --with-headers=yes --with-newlib --with-python-dir=share/gcc-arm-none-eabi --with-sysroot=/proj/esdt_sdk/gnu_abe/arm_r5/gcc-arm-none-eabi-6_2-2016q4-20161216/install-mingw/arm-none-eabi --with-libiconv-prefix=/proj/esdt_sdk/gnu_abe/arm_r5/gcc-arm-none-eabi-6_2-2016q4-20161216/build-mingw/host-libs/usr --with-gmp=/proj/esdt_sdk/gnu_abe/arm_r5/gcc-arm-none-eabi-6_2-2016q4-20161216/build-mingw/host-libs/usr --with-mpfr=/proj/esdt_sdk/gnu_abe/arm_r5/gcc-arm-none-eabi-6_2-2016q4-20161216/build-mingw/host-libs/usr --with-mpc=/proj/esdt_sdk/gnu_abe/arm_r5/gcc-arm-none-eabi-6_2-2016q4-20161216/build-mingw/host-libs/usr --with-isl=/proj/esdt_sdk/gnu_abe/arm_r5/gcc-arm-none-eabi-6_2-2016q4-20161216/build-mingw/host-libs/usr --with-libelf=/proj/esdt_sdk/gnu_abe/arm_r5/gcc-arm-none-eabi-6_2-2016q4-20161216/build-mingw/host-libs/usr --with-host-libstdcxx='-static-libgcc -Wl,-Bstatic,-lstdc++,-Bdynamic -lm' --with-pkgversion='GNU Tools for ARM Embedded Processors' --with-multilib-list=rmprofile
Thread model: single
gcc version 8.2.0 (GNU Tools for ARM Embedded Processors) 
COLLECT_GCC_OPTIONS='-D' 'ARMR5' '-Wall' '-O0' '-g3' '-I' 'C:\Users\harvi\FYP\kernel_02\src\dependencies' '-c' '-fmessage-length=0' '-MT' 'src/dependencies/thlib.o' '-mcpu=cortex-r5' '-mfloat-abi=hard' '-mfpu=vfpv3-d16' '-v' '-I' '../../kernel_02_bsp/psu_cortexr5_0/include' '-MMD' '-MP' '-MF' 'src/dependencies/thlib.d' '-MT' 'src/dependencies/thlib.o' '-o' 'src/dependencies/thlib.o' '-marm' '-march=armv7-r+fp+idiv'
 c:/xilinx/sdk/2019.1/gnu/armr5/nt/gcc-arm-none-eabi/bin/../lib/gcc/arm-none-eabi/8.2.0/cc1.exe -quiet -v -I C:\Users\harvi\FYP\kernel_02\src\dependencies -I ../../kernel_02_bsp/psu_cortexr5_0/include -imultilib thumb/v7+fp/hard -iprefix c:\xilinx\sdk\2019.1\gnu\armr5\nt\gcc-arm-none-eabi\bin\../lib/gcc/arm-none-eabi/8.2.0/ -isysroot c:\xilinx\sdk\2019.1\gnu\armr5\nt\gcc-arm-none-eabi\bin\../arm-none-eabi -MMD src/dependencies/thlib.d -MF src/dependencies/thlib.d -MP -MT src/dependencies/thlib.o -MT src/dependencies/thlib.o -dD -D__USES_INITFINI__ -D ARMR5 ../src/dependencies/thlib.c -quiet -dumpbase thlib.c -mcpu=cortex-r5 -mfloat-abi=hard -mfpu=vfpv3-d16 -marm -march=armv7-r+fp+idiv -auxbase-strip src/dependencies/thlib.o -g3 -O0 -Wall -version -fmessage-length=0 -o C:\Users\harvi\AppData\Local\Temp\ccPuy6ji.s
GNU C17 (GNU Tools for ARM Embedded Processors) version 8.2.0 (arm-none-eabi)
	compiled by GNU C version 4.8.0 20121015 (experimental), GMP version 6.1.0, MPFR version 3.1.4, MPC version 1.0.3, isl version isl-0.15-GMP

GGC heuristics: --param ggc-min-expand=100 --param ggc-min-heapsize=131072
ignoring duplicate directory "c:/xilinx/sdk/2019.1/gnu/armr5/nt/gcc-arm-none-eabi/lib/gcc/../../lib/gcc/arm-none-eabi/8.2.0/include"
ignoring nonexistent directory "c:\xilinx\sdk\2019.1\gnu\armr5\nt\gcc-arm-none-eabi\bin\../arm-none-eabi/proj/esdt_sdk/gnu_abe/arm_r5/gcc-arm-none-eabi-6_2-2016q4-20161216/install-mingw/lib/gcc/arm-none-eabi/8.2.0/../../../../include"
ignoring duplicate directory "c:/xilinx/sdk/2019.1/gnu/armr5/nt/gcc-arm-none-eabi/lib/gcc/../../lib/gcc/arm-none-eabi/8.2.0/include-fixed"
ignoring duplicate directory "c:/xilinx/sdk/2019.1/gnu/armr5/nt/gcc-arm-none-eabi/lib/gcc/../../lib/gcc/arm-none-eabi/8.2.0/../../../../arm-none-eabi/include"
ignoring nonexistent directory "c:\xilinx\sdk\2019.1\gnu\armr5\nt\gcc-arm-none-eabi\bin\../arm-none-eabi/usr/include"
#include "..." search starts here:
#include <...> search starts here:
 C:\Users\harvi\FYP\kernel_02\src\dependencies
 ../../kernel_02_bsp/psu_cortexr5_0/include
 c:\xilinx\sdk\2019.1\gnu\armr5\nt\gcc-arm-none-eabi\bin\../lib/gcc/arm-none-eabi/8.2.0/include
 c:\xilinx\sdk\2019.1\gnu\armr5\nt\gcc-arm-none-eabi\bin\../lib/gcc/arm-none-eabi/8.2.0/include-fixed
 c:\xilinx\sdk\2019.1\gnu\armr5\nt\gcc-arm-none-eabi\bin\../lib/gcc/arm-none-eabi/8.2.0/../../../../arm-none-eabi/include
End of search list.
GNU C17 (GNU Tools for ARM Embedded Processors) version 8.2.0 (arm-none-eabi)
	compiled by GNU C version 4.8.0 20121015 (experimental), GMP version 6.1.0, MPFR version 3.1.4, MPC version 1.0.3, isl version isl-0.15-GMP

GGC heuristics: --param ggc-min-expand=100 --param ggc-min-heapsize=131072
Compiler executable checksum: e5585b6776f513651d04f4c3b5c122c0
COLLECT_GCC_OPTIONS='-D' 'ARMR5' '-Wall' '-O0' '-g3' '-I' 'C:\Users\harvi\FYP\kernel_02\src\dependencies' '-c' '-fmessage-length=0' '-MT' 'src/dependencies/thlib.o' '-mcpu=cortex-r5' '-mfloat-abi=hard' '-mfpu=vfpv3-d16' '-v' '-I' '../../kernel_02_bsp/psu_cortexr5_0/include' '-MMD' '-MP' '-MF' 'src/dependencies/thlib.d' '-MT' 'src/dependencies/thlib.o' '-o' 'src/dependencies/thlib.o' '-marm' '-march=armv7-r+fp+idiv'
 c:/xilinx/sdk/2019.1/gnu/armr5/nt/gcc-arm-none-eabi/bin/../lib/gcc/arm-none-eabi/8.2.0/../../../../arm-none-eabi/bin/as.exe -v -I C:\Users\harvi\FYP\kernel_02\src\dependencies -I ../../kernel_02_bsp/psu_cortexr5_0/include -march=armv7-r+idiv -mfloat-abi=hard -mfpu=vfpv3-d16 -meabi=5 -o src/dependencies/thlib.o C:\Users\harvi\AppData\Local\Temp\ccPuy6ji.s
GNU assembler version 2.31 (arm-none-eabi) using BFD version (GNU Tools for ARM Embedded Processors) 2.31
COMPILER_PATH=c:/xilinx/sdk/2019.1/gnu/armr5/nt/gcc-arm-none-eabi/bin/../lib/gcc/arm-none-eabi/8.2.0/;c:/xilinx/sdk/2019.1/gnu/armr5/nt/gcc-arm-none-eabi/bin/../lib/gcc/;c:/xilinx/sdk/2019.1/gnu/armr5/nt/gcc-arm-none-eabi/bin/../lib/gcc/arm-none-eabi/8.2.0/../../../../arm-none-eabi/bin/
LIBRARY_PATH=c:/xilinx/sdk/2019.1/gnu/armr5/nt/gcc-arm-none-eabi/bin/../lib/gcc/arm-none-eabi/8.2.0/thumb/v7+fp/hard/;c:/xilinx/sdk/2019.1/gnu/armr5/nt/gcc-arm-none-eabi/bin/../lib/gcc/arm-none-eabi/8.2.0/../../../../arm-none-eabi/lib/thumb/v7+fp/hard/;c:/xilinx/sdk/2019.1/gnu/armr5/nt/gcc-arm-none-eabi/bin/../arm-none-eabi/lib/thumb/v7+fp/hard/;c:/xilinx/sdk/2019.1/gnu/armr5/nt/gcc-arm-none-eabi/bin/../lib/gcc/arm-none-eabi/8.2.0/;c:/xilinx/sdk/2019.1/gnu/armr5/nt/gcc-arm-none-eabi/bin/../lib/gcc/;c:/xilinx/sdk/2019.1/gnu/armr5/nt/gcc-arm-none-eabi/bin/../lib/gcc/arm-none-eabi/8.2.0/../../../../arm-none-eabi/lib/;c:/xilinx/sdk/2019.1/gnu/armr5/nt/gcc-arm-none-eabi/bin/../arm-none-eabi/lib/
COLLECT_GCC_OPTIONS='-D' 'ARMR5' '-Wall' '-O0' '-g3' '-I' 'C:\Users\harvi\FYP\kernel_02\src\dependencies' '-c' '-fmessage-length=0' '-MT' 'src/dependencies/thlib.o' '-mcpu=cortex-r5' '-mfloat-abi=hard' '-mfpu=vfpv3-d16' '-v' '-I' '../../kernel_02_bsp/psu_cortexr5_0/include' '-MMD' '-MP' '-MF' 'src/dependencies/thlib.d' '-MT' 'src/dependencies/thlib.o' '-o' 'src/dependencies/thlib.o' '-marm' '-march=armv7-r+fp+idiv'
'Finished building: ../src/dependencies/thlib.c'
' '
'Building file: ../src/algotst.c'
'Invoking: ARM R5 gcc compiler'
armr5-none-eabi-gcc -DARMR5 -Wall -O0 -g3 -I"C:\Users\harvi\FYP\kernel_02\src\dependencies" -c -fmessage-length=0 -MT"src/algotst.o" -mcpu=cortex-r5 -mfloat-abi=hard  -mfpu=vfpv3-d16 -v -I../../kernel_02_bsp/psu_cortexr5_0/include -MMD -MP -MF"src/algotst.d" -MT"src/algotst.o" -o "src/algotst.o" "../src/algotst.c"
Using built-in specs.
COLLECT_GCC=armr5-none-eabi-gcc
Target: arm-none-eabi
Configured with: /proj/esdt_sdk/gnu_abe/arm_r5/gcc-arm-none-eabi-6_2-2016q4-20161216/src/gcc/configure --build=x86_64-linux-gnu --host=i686-w64-mingw32 --target=arm-none-eabi --prefix=/proj/esdt_sdk/gnu_abe/arm_r5/gcc-arm-none-eabi-6_2-2016q4-20161216/install-mingw --libexecdir=/proj/esdt_sdk/gnu_abe/arm_r5/gcc-arm-none-eabi-6_2-2016q4-20161216/install-mingw/lib --infodir=/proj/esdt_sdk/gnu_abe/arm_r5/gcc-arm-none-eabi-6_2-2016q4-20161216/install-mingw/share/doc/gcc-arm-none-eabi/info --mandir=/proj/esdt_sdk/gnu_abe/arm_r5/gcc-arm-none-eabi-6_2-2016q4-20161216/install-mingw/share/doc/gcc-arm-none-eabi/man --htmldir=/proj/esdt_sdk/gnu_abe/arm_r5/gcc-arm-none-eabi-6_2-2016q4-20161216/install-mingw/share/doc/gcc-arm-none-eabi/html --pdfdir=/proj/esdt_sdk/gnu_abe/arm_r5/gcc-arm-none-eabi-6_2-2016q4-20161216/install-mingw/share/doc/gcc-arm-none-eabi/pdf --enable-languages=c,c++ --disable-decimal-float --disable-libffi --disable-libgomp --disable-libmudflap --disable-libquadmath --disable-libssp --disable-libstdcxx-pch --disable-nls --disable-shared --disable-threads --disable-tls --with-gnu-as --with-gnu-ld --with-headers=yes --with-newlib --with-python-dir=share/gcc-arm-none-eabi --with-sysroot=/proj/esdt_sdk/gnu_abe/arm_r5/gcc-arm-none-eabi-6_2-2016q4-20161216/install-mingw/arm-none-eabi --with-libiconv-prefix=/proj/esdt_sdk/gnu_abe/arm_r5/gcc-arm-none-eabi-6_2-2016q4-20161216/build-mingw/host-libs/usr --with-gmp=/proj/esdt_sdk/gnu_abe/arm_r5/gcc-arm-none-eabi-6_2-2016q4-20161216/build-mingw/host-libs/usr --with-mpfr=/proj/esdt_sdk/gnu_abe/arm_r5/gcc-arm-none-eabi-6_2-2016q4-20161216/build-mingw/host-libs/usr --with-mpc=/proj/esdt_sdk/gnu_abe/arm_r5/gcc-arm-none-eabi-6_2-2016q4-20161216/build-mingw/host-libs/usr --with-isl=/proj/esdt_sdk/gnu_abe/arm_r5/gcc-arm-none-eabi-6_2-2016q4-20161216/build-mingw/host-libs/usr --with-libelf=/proj/esdt_sdk/gnu_abe/arm_r5/gcc-arm-none-eabi-6_2-2016q4-20161216/build-mingw/host-libs/usr --with-host-libstdcxx='-static-libgcc -Wl,-Bstatic,-lstdc++,-Bdynamic -lm' --with-pkgversion='GNU Tools for ARM Embedded Processors' --with-multilib-list=rmprofile
Thread model: single
gcc version 8.2.0 (GNU Tools for ARM Embedded Processors) 
COLLECT_GCC_OPTIONS='-D' 'ARMR5' '-Wall' '-O0' '-g3' '-I' 'C:\Users\harvi\FYP\kernel_02\src\dependencies' '-c' '-fmessage-length=0' '-MT' 'src/algotst.o' '-mcpu=cortex-r5' '-mfloat-abi=hard' '-mfpu=vfpv3-d16' '-v' '-I' '../../kernel_02_bsp/psu_cortexr5_0/include' '-MMD' '-MP' '-MF' 'src/algotst.d' '-MT' 'src/algotst.o' '-o' 'src/algotst.o' '-marm' '-march=armv7-r+fp+idiv'
 c:/xilinx/sdk/2019.1/gnu/armr5/nt/gcc-arm-none-eabi/bin/../lib/gcc/arm-none-eabi/8.2.0/cc1.exe -quiet -v -I C:\Users\harvi\FYP\kernel_02\src\dependencies -I ../../kernel_02_bsp/psu_cortexr5_0/include -imultilib thumb/v7+fp/hard -iprefix c:\xilinx\sdk\2019.1\gnu\armr5\nt\gcc-arm-none-eabi\bin\../lib/gcc/arm-none-eabi/8.2.0/ -isysroot c:\xilinx\sdk\2019.1\gnu\armr5\nt\gcc-arm-none-eabi\bin\../arm-none-eabi -MMD src/algotst.d -MF src/algotst.d -MP -MT src/algotst.o -MT src/algotst.o -dD -D__USES_INITFINI__ -D ARMR5 ../src/algotst.c -quiet -dumpbase algotst.c -mcpu=cortex-r5 -mfloat-abi=hard -mfpu=vfpv3-d16 -marm -march=armv7-r+fp+idiv -auxbase-strip src/algotst.o -g3 -O0 -Wall -version -fmessage-length=0 -o C:\Users\harvi\AppData\Local\Temp\cc2iSS6d.s
GNU C17 (GNU Tools for ARM Embedded Processors) version 8.2.0 (arm-none-eabi)
	compiled by GNU C version 4.8.0 20121015 (experimental), GMP version 6.1.0, MPFR version 3.1.4, MPC version 1.0.3, isl version isl-0.15-GMP

GGC heuristics: --param ggc-min-expand=100 --param ggc-min-heapsize=131072
ignoring duplicate directory "c:/xilinx/sdk/2019.1/gnu/armr5/nt/gcc-arm-none-eabi/lib/gcc/../../lib/gcc/arm-none-eabi/8.2.0/include"
ignoring nonexistent directory "c:\xilinx\sdk\2019.1\gnu\armr5\nt\gcc-arm-none-eabi\bin\../arm-none-eabi/proj/esdt_sdk/gnu_abe/arm_r5/gcc-arm-none-eabi-6_2-2016q4-20161216/install-mingw/lib/gcc/arm-none-eabi/8.2.0/../../../../include"
ignoring duplicate directory "c:/xilinx/sdk/2019.1/gnu/armr5/nt/gcc-arm-none-eabi/lib/gcc/../../lib/gcc/arm-none-eabi/8.2.0/include-fixed"
ignoring duplicate directory "c:/xilinx/sdk/2019.1/gnu/armr5/nt/gcc-arm-none-eabi/lib/gcc/../../lib/gcc/arm-none-eabi/8.2.0/../../../../arm-none-eabi/include"
ignoring nonexistent directory "c:\xilinx\sdk\2019.1\gnu\armr5\nt\gcc-arm-none-eabi\bin\../arm-none-eabi/usr/include"
#include "..." search starts here:
#include <...> search starts here:
 C:\Users\harvi\FYP\kernel_02\src\dependencies
 ../../kernel_02_bsp/psu_cortexr5_0/include
 c:\xilinx\sdk\2019.1\gnu\armr5\nt\gcc-arm-none-eabi\bin\../lib/gcc/arm-none-eabi/8.2.0/include
 c:\xilinx\sdk\2019.1\gnu\armr5\nt\gcc-arm-none-eabi\bin\../lib/gcc/arm-none-eabi/8.2.0/include-fixed
 c:\xilinx\sdk\2019.1\gnu\armr5\nt\gcc-arm-none-eabi\bin\../lib/gcc/arm-none-eabi/8.2.0/../../../../arm-none-eabi/include
End of search list.
GNU C17 (GNU Tools for ARM Embedded Processors) version 8.2.0 (arm-none-eabi)
	compiled by GNU C version 4.8.0 20121015 (experimental), GMP version 6.1.0, MPFR version 3.1.4, MPC version 1.0.3, isl version isl-0.15-GMP

GGC heuristics: --param ggc-min-expand=100 --param ggc-min-heapsize=131072
Compiler executable checksum: e5585b6776f513651d04f4c3b5c122c0
COLLECT_GCC_OPTIONS='-D' 'ARMR5' '-Wall' '-O0' '-g3' '-I' 'C:\Users\harvi\FYP\kernel_02\src\dependencies' '-c' '-fmessage-length=0' '-MT' 'src/algotst.o' '-mcpu=cortex-r5' '-mfloat-abi=hard' '-mfpu=vfpv3-d16' '-v' '-I' '../../kernel_02_bsp/psu_cortexr5_0/include' '-MMD' '-MP' '-MF' 'src/algotst.d' '-MT' 'src/algotst.o' '-o' 'src/algotst.o' '-marm' '-march=armv7-r+fp+idiv'
 c:/xilinx/sdk/2019.1/gnu/armr5/nt/gcc-arm-none-eabi/bin/../lib/gcc/arm-none-eabi/8.2.0/../../../../arm-none-eabi/bin/as.exe -v -I C:\Users\harvi\FYP\kernel_02\src\dependencies -I ../../kernel_02_bsp/psu_cortexr5_0/include -march=armv7-r+idiv -mfloat-abi=hard -mfpu=vfpv3-d16 -meabi=5 -o src/algotst.o C:\Users\harvi\AppData\Local\Temp\cc2iSS6d.s
GNU assembler version 2.31 (arm-none-eabi) using BFD version (GNU Tools for ARM Embedded Processors) 2.31
COMPILER_PATH=c:/xilinx/sdk/2019.1/gnu/armr5/nt/gcc-arm-none-eabi/bin/../lib/gcc/arm-none-eabi/8.2.0/;c:/xilinx/sdk/2019.1/gnu/armr5/nt/gcc-arm-none-eabi/bin/../lib/gcc/;c:/xilinx/sdk/2019.1/gnu/armr5/nt/gcc-arm-none-eabi/bin/../lib/gcc/arm-none-eabi/8.2.0/../../../../arm-none-eabi/bin/
LIBRARY_PATH=c:/xilinx/sdk/2019.1/gnu/armr5/nt/gcc-arm-none-eabi/bin/../lib/gcc/arm-none-eabi/8.2.0/thumb/v7+fp/hard/;c:/xilinx/sdk/2019.1/gnu/armr5/nt/gcc-arm-none-eabi/bin/../lib/gcc/arm-none-eabi/8.2.0/../../../../arm-none-eabi/lib/thumb/v7+fp/hard/;c:/xilinx/sdk/2019.1/gnu/armr5/nt/gcc-arm-none-eabi/bin/../arm-none-eabi/lib/thumb/v7+fp/hard/;c:/xilinx/sdk/2019.1/gnu/armr5/nt/gcc-arm-none-eabi/bin/../lib/gcc/arm-none-eabi/8.2.0/;c:/xilinx/sdk/2019.1/gnu/armr5/nt/gcc-arm-none-eabi/bin/../lib/gcc/;c:/xilinx/sdk/2019.1/gnu/armr5/nt/gcc-arm-none-eabi/bin/../lib/gcc/arm-none-eabi/8.2.0/../../../../arm-none-eabi/lib/;c:/xilinx/sdk/2019.1/gnu/armr5/nt/gcc-arm-none-eabi/bin/../arm-none-eabi/lib/
COLLECT_GCC_OPTIONS='-D' 'ARMR5' '-Wall' '-O0' '-g3' '-I' 'C:\Users\harvi\FYP\kernel_02\src\dependencies' '-c' '-fmessage-length=0' '-MT' 'src/algotst.o' '-mcpu=cortex-r5' '-mfloat-abi=hard' '-mfpu=vfpv3-d16' '-v' '-I' '../../kernel_02_bsp/psu_cortexr5_0/include' '-MMD' '-MP' '-MF' 'src/algotst.d' '-MT' 'src/algotst.o' '-o' 'src/algotst.o' '-marm' '-march=armv7-r+fp+idiv'
'Finished building: ../src/algotst.c'
' '
'Building file: ../src/bmark_lite.c'
'Invoking: ARM R5 gcc compiler'
armr5-none-eabi-gcc -DARMR5 -Wall -O0 -g3 -I"C:\Users\harvi\FYP\kernel_02\src\dependencies" -c -fmessage-length=0 -MT"src/bmark_lite.o" -mcpu=cortex-r5 -mfloat-abi=hard  -mfpu=vfpv3-d16 -v -I../../kernel_02_bsp/psu_cortexr5_0/include -MMD -MP -MF"src/bmark_lite.d" -MT"src/bmark_lite.o" -o "src/bmark_lite.o" "../src/bmark_lite.c"
Using built-in specs.
COLLECT_GCC=armr5-none-eabi-gcc
Target: arm-none-eabi
Configured with: /proj/esdt_sdk/gnu_abe/arm_r5/gcc-arm-none-eabi-6_2-2016q4-20161216/src/gcc/configure --build=x86_64-linux-gnu --host=i686-w64-mingw32 --target=arm-none-eabi --prefix=/proj/esdt_sdk/gnu_abe/arm_r5/gcc-arm-none-eabi-6_2-2016q4-20161216/install-mingw --libexecdir=/proj/esdt_sdk/gnu_abe/arm_r5/gcc-arm-none-eabi-6_2-2016q4-20161216/install-mingw/lib --infodir=/proj/esdt_sdk/gnu_abe/arm_r5/gcc-arm-none-eabi-6_2-2016q4-20161216/install-mingw/share/doc/gcc-arm-none-eabi/info --mandir=/proj/esdt_sdk/gnu_abe/arm_r5/gcc-arm-none-eabi-6_2-2016q4-20161216/install-mingw/share/doc/gcc-arm-none-eabi/man --htmldir=/proj/esdt_sdk/gnu_abe/arm_r5/gcc-arm-none-eabi-6_2-2016q4-20161216/install-mingw/share/doc/gcc-arm-none-eabi/html --pdfdir=/proj/esdt_sdk/gnu_abe/arm_r5/gcc-arm-none-eabi-6_2-2016q4-20161216/install-mingw/share/doc/gcc-arm-none-eabi/pdf --enable-languages=c,c++ --disable-decimal-float --disable-libffi --disable-libgomp --disable-libmudflap --disable-libquadmath --disable-libssp --disable-libstdcxx-pch --disable-nls --disable-shared --disable-threads --disable-tls --with-gnu-as --with-gnu-ld --with-headers=yes --with-newlib --with-python-dir=share/gcc-arm-none-eabi --with-sysroot=/proj/esdt_sdk/gnu_abe/arm_r5/gcc-arm-none-eabi-6_2-2016q4-20161216/install-mingw/arm-none-eabi --with-libiconv-prefix=/proj/esdt_sdk/gnu_abe/arm_r5/gcc-arm-none-eabi-6_2-2016q4-20161216/build-mingw/host-libs/usr --with-gmp=/proj/esdt_sdk/gnu_abe/arm_r5/gcc-arm-none-eabi-6_2-2016q4-20161216/build-mingw/host-libs/usr --with-mpfr=/proj/esdt_sdk/gnu_abe/arm_r5/gcc-arm-none-eabi-6_2-2016q4-20161216/build-mingw/host-libs/usr --with-mpc=/proj/esdt_sdk/gnu_abe/arm_r5/gcc-arm-none-eabi-6_2-2016q4-20161216/build-mingw/host-libs/usr --with-isl=/proj/esdt_sdk/gnu_abe/arm_r5/gcc-arm-none-eabi-6_2-2016q4-20161216/build-mingw/host-libs/usr --with-libelf=/proj/esdt_sdk/gnu_abe/arm_r5/gcc-arm-none-eabi-6_2-2016q4-20161216/build-mingw/host-libs/usr --with-host-libstdcxx='-static-libgcc -Wl,-Bstatic,-lstdc++,-Bdynamic -lm' --with-pkgversion='GNU Tools for ARM Embedded Processors' --with-multilib-list=rmprofile
Thread model: single
gcc version 8.2.0 (GNU Tools for ARM Embedded Processors) 
COLLECT_GCC_OPTIONS='-D' 'ARMR5' '-Wall' '-O0' '-g3' '-I' 'C:\Users\harvi\FYP\kernel_02\src\dependencies' '-c' '-fmessage-length=0' '-MT' 'src/bmark_lite.o' '-mcpu=cortex-r5' '-mfloat-abi=hard' '-mfpu=vfpv3-d16' '-v' '-I' '../../kernel_02_bsp/psu_cortexr5_0/include' '-MMD' '-MP' '-MF' 'src/bmark_lite.d' '-MT' 'src/bmark_lite.o' '-o' 'src/bmark_lite.o' '-marm' '-march=armv7-r+fp+idiv'
 c:/xilinx/sdk/2019.1/gnu/armr5/nt/gcc-arm-none-eabi/bin/../lib/gcc/arm-none-eabi/8.2.0/cc1.exe -quiet -v -I C:\Users\harvi\FYP\kernel_02\src\dependencies -I ../../kernel_02_bsp/psu_cortexr5_0/include -imultilib thumb/v7+fp/hard -iprefix c:\xilinx\sdk\2019.1\gnu\armr5\nt\gcc-arm-none-eabi\bin\../lib/gcc/arm-none-eabi/8.2.0/ -isysroot c:\xilinx\sdk\2019.1\gnu\armr5\nt\gcc-arm-none-eabi\bin\../arm-none-eabi -MMD src/bmark_lite.d -MF src/bmark_lite.d -MP -MT src/bmark_lite.o -MT src/bmark_lite.o -dD -D__USES_INITFINI__ -D ARMR5 ../src/bmark_lite.c -quiet -dumpbase bmark_lite.c -mcpu=cortex-r5 -mfloat-abi=hard -mfpu=vfpv3-d16 -marm -march=armv7-r+fp+idiv -auxbase-strip src/bmark_lite.o -g3 -O0 -Wall -version -fmessage-length=0 -o C:\Users\harvi\AppData\Local\Temp\cclYRWrn.s
GNU C17 (GNU Tools for ARM Embedded Processors) version 8.2.0 (arm-none-eabi)
	compiled by GNU C version 4.8.0 20121015 (experimental), GMP version 6.1.0, MPFR version 3.1.4, MPC version 1.0.3, isl version isl-0.15-GMP

GGC heuristics: --param ggc-min-expand=100 --param ggc-min-heapsize=131072
ignoring duplicate directory "c:/xilinx/sdk/2019.1/gnu/armr5/nt/gcc-arm-none-eabi/lib/gcc/../../lib/gcc/arm-none-eabi/8.2.0/include"
ignoring nonexistent directory "c:\xilinx\sdk\2019.1\gnu\armr5\nt\gcc-arm-none-eabi\bin\../arm-none-eabi/proj/esdt_sdk/gnu_abe/arm_r5/gcc-arm-none-eabi-6_2-2016q4-20161216/install-mingw/lib/gcc/arm-none-eabi/8.2.0/../../../../include"
ignoring duplicate directory "c:/xilinx/sdk/2019.1/gnu/armr5/nt/gcc-arm-none-eabi/lib/gcc/../../lib/gcc/arm-none-eabi/8.2.0/include-fixed"
ignoring duplicate directory "c:/xilinx/sdk/2019.1/gnu/armr5/nt/gcc-arm-none-eabi/lib/gcc/../../lib/gcc/arm-none-eabi/8.2.0/../../../../arm-none-eabi/include"
ignoring nonexistent directory "c:\xilinx\sdk\2019.1\gnu\armr5\nt\gcc-arm-none-eabi\bin\../arm-none-eabi/usr/include"
#include "..." search starts here:
#include <...> search starts here:
 C:\Users\harvi\FYP\kernel_02\src\dependencies
 ../../kernel_02_bsp/psu_cortexr5_0/include
 c:\xilinx\sdk\2019.1\gnu\armr5\nt\gcc-arm-none-eabi\bin\../lib/gcc/arm-none-eabi/8.2.0/include
 c:\xilinx\sdk\2019.1\gnu\armr5\nt\gcc-arm-none-eabi\bin\../lib/gcc/arm-none-eabi/8.2.0/include-fixed
 c:\xilinx\sdk\2019.1\gnu\armr5\nt\gcc-arm-none-eabi\bin\../lib/gcc/arm-none-eabi/8.2.0/../../../../arm-none-eabi/include
End of search list.
GNU C17 (GNU Tools for ARM Embedded Processors) version 8.2.0 (arm-none-eabi)
	compiled by GNU C version 4.8.0 20121015 (experimental), GMP version 6.1.0, MPFR version 3.1.4, MPC version 1.0.3, isl version isl-0.15-GMP

GGC heuristics: --param ggc-min-expand=100 --param ggc-min-heapsize=131072
Compiler executable checksum: e5585b6776f513651d04f4c3b5c122c0
../src/bmark_lite.c: In function 'WriteOut':
../src/bmark_lite.c:520:1: warning: this 'if' clause does not guard... [-Wmisleading-indentation]
 if (( RAMfilePtr+RAMfile_increment) > RAMfileEOF )
 ^~
../src/bmark_lite.c:523:5: note: ...this statement, but the latter is misleadingly indented as if it were guarded by the 'if'
     *(varsize *)RAMfilePtr = value;
     ^
COLLECT_GCC_OPTIONS='-D' 'ARMR5' '-Wall' '-O0' '-g3' '-I' 'C:\Users\harvi\FYP\kernel_02\src\dependencies' '-c' '-fmessage-length=0' '-MT' 'src/bmark_lite.o' '-mcpu=cortex-r5' '-mfloat-abi=hard' '-mfpu=vfpv3-d16' '-v' '-I' '../../kernel_02_bsp/psu_cortexr5_0/include' '-MMD' '-MP' '-MF' 'src/bmark_lite.d' '-MT' 'src/bmark_lite.o' '-o' 'src/bmark_lite.o' '-marm' '-march=armv7-r+fp+idiv'
 c:/xilinx/sdk/2019.1/gnu/armr5/nt/gcc-arm-none-eabi/bin/../lib/gcc/arm-none-eabi/8.2.0/../../../../arm-none-eabi/bin/as.exe -v -I C:\Users\harvi\FYP\kernel_02\src\dependencies -I ../../kernel_02_bsp/psu_cortexr5_0/include -march=armv7-r+idiv -mfloat-abi=hard -mfpu=vfpv3-d16 -meabi=5 -o src/bmark_lite.o C:\Users\harvi\AppData\Local\Temp\cclYRWrn.s
GNU assembler version 2.31 (arm-none-eabi) using BFD version (GNU Tools for ARM Embedded Processors) 2.31
COMPILER_PATH=c:/xilinx/sdk/2019.1/gnu/armr5/nt/gcc-arm-none-eabi/bin/../lib/gcc/arm-none-eabi/8.2.0/;c:/xilinx/sdk/2019.1/gnu/armr5/nt/gcc-arm-none-eabi/bin/../lib/gcc/;c:/xilinx/sdk/2019.1/gnu/armr5/nt/gcc-arm-none-eabi/bin/../lib/gcc/arm-none-eabi/8.2.0/../../../../arm-none-eabi/bin/
LIBRARY_PATH=c:/xilinx/sdk/2019.1/gnu/armr5/nt/gcc-arm-none-eabi/bin/../lib/gcc/arm-none-eabi/8.2.0/thumb/v7+fp/hard/;c:/xilinx/sdk/2019.1/gnu/armr5/nt/gcc-arm-none-eabi/bin/../lib/gcc/arm-none-eabi/8.2.0/../../../../arm-none-eabi/lib/thumb/v7+fp/hard/;c:/xilinx/sdk/2019.1/gnu/armr5/nt/gcc-arm-none-eabi/bin/../arm-none-eabi/lib/thumb/v7+fp/hard/;c:/xilinx/sdk/2019.1/gnu/armr5/nt/gcc-arm-none-eabi/bin/../lib/gcc/arm-none-eabi/8.2.0/;c:/xilinx/sdk/2019.1/gnu/armr5/nt/gcc-arm-none-eabi/bin/../lib/gcc/;c:/xilinx/sdk/2019.1/gnu/armr5/nt/gcc-arm-none-eabi/bin/../lib/gcc/arm-none-eabi/8.2.0/../../../../arm-none-eabi/lib/;c:/xilinx/sdk/2019.1/gnu/armr5/nt/gcc-arm-none-eabi/bin/../arm-none-eabi/lib/
COLLECT_GCC_OPTIONS='-D' 'ARMR5' '-Wall' '-O0' '-g3' '-I' 'C:\Users\harvi\FYP\kernel_02\src\dependencies' '-c' '-fmessage-length=0' '-MT' 'src/bmark_lite.o' '-mcpu=cortex-r5' '-mfloat-abi=hard' '-mfpu=vfpv3-d16' '-v' '-I' '../../kernel_02_bsp/psu_cortexr5_0/include' '-MMD' '-MP' '-MF' 'src/bmark_lite.d' '-MT' 'src/bmark_lite.o' '-o' 'src/bmark_lite.o' '-marm' '-march=armv7-r+fp+idiv'
'Finished building: ../src/bmark_lite.c'
' '
'Building file: ../src/platform.c'
'Invoking: ARM R5 gcc compiler'
armr5-none-eabi-gcc -DARMR5 -Wall -O0 -g3 -I"C:\Users\harvi\FYP\kernel_02\src\dependencies" -c -fmessage-length=0 -MT"src/platform.o" -mcpu=cortex-r5 -mfloat-abi=hard  -mfpu=vfpv3-d16 -v -I../../kernel_02_bsp/psu_cortexr5_0/include -MMD -MP -MF"src/platform.d" -MT"src/platform.o" -o "src/platform.o" "../src/platform.c"
Using built-in specs.
COLLECT_GCC=armr5-none-eabi-gcc
Target: arm-none-eabi
Configured with: /proj/esdt_sdk/gnu_abe/arm_r5/gcc-arm-none-eabi-6_2-2016q4-20161216/src/gcc/configure --build=x86_64-linux-gnu --host=i686-w64-mingw32 --target=arm-none-eabi --prefix=/proj/esdt_sdk/gnu_abe/arm_r5/gcc-arm-none-eabi-6_2-2016q4-20161216/install-mingw --libexecdir=/proj/esdt_sdk/gnu_abe/arm_r5/gcc-arm-none-eabi-6_2-2016q4-20161216/install-mingw/lib --infodir=/proj/esdt_sdk/gnu_abe/arm_r5/gcc-arm-none-eabi-6_2-2016q4-20161216/install-mingw/share/doc/gcc-arm-none-eabi/info --mandir=/proj/esdt_sdk/gnu_abe/arm_r5/gcc-arm-none-eabi-6_2-2016q4-20161216/install-mingw/share/doc/gcc-arm-none-eabi/man --htmldir=/proj/esdt_sdk/gnu_abe/arm_r5/gcc-arm-none-eabi-6_2-2016q4-20161216/install-mingw/share/doc/gcc-arm-none-eabi/html --pdfdir=/proj/esdt_sdk/gnu_abe/arm_r5/gcc-arm-none-eabi-6_2-2016q4-20161216/install-mingw/share/doc/gcc-arm-none-eabi/pdf --enable-languages=c,c++ --disable-decimal-float --disable-libffi --disable-libgomp --disable-libmudflap --disable-libquadmath --disable-libssp --disable-libstdcxx-pch --disable-nls --disable-shared --disable-threads --disable-tls --with-gnu-as --with-gnu-ld --with-headers=yes --with-newlib --with-python-dir=share/gcc-arm-none-eabi --with-sysroot=/proj/esdt_sdk/gnu_abe/arm_r5/gcc-arm-none-eabi-6_2-2016q4-20161216/install-mingw/arm-none-eabi --with-libiconv-prefix=/proj/esdt_sdk/gnu_abe/arm_r5/gcc-arm-none-eabi-6_2-2016q4-20161216/build-mingw/host-libs/usr --with-gmp=/proj/esdt_sdk/gnu_abe/arm_r5/gcc-arm-none-eabi-6_2-2016q4-20161216/build-mingw/host-libs/usr --with-mpfr=/proj/esdt_sdk/gnu_abe/arm_r5/gcc-arm-none-eabi-6_2-2016q4-20161216/build-mingw/host-libs/usr --with-mpc=/proj/esdt_sdk/gnu_abe/arm_r5/gcc-arm-none-eabi-6_2-2016q4-20161216/build-mingw/host-libs/usr --with-isl=/proj/esdt_sdk/gnu_abe/arm_r5/gcc-arm-none-eabi-6_2-2016q4-20161216/build-mingw/host-libs/usr --with-libelf=/proj/esdt_sdk/gnu_abe/arm_r5/gcc-arm-none-eabi-6_2-2016q4-20161216/build-mingw/host-libs/usr --with-host-libstdcxx='-static-libgcc -Wl,-Bstatic,-lstdc++,-Bdynamic -lm' --with-pkgversion='GNU Tools for ARM Embedded Processors' --with-multilib-list=rmprofile
Thread model: single
gcc version 8.2.0 (GNU Tools for ARM Embedded Processors) 
COLLECT_GCC_OPTIONS='-D' 'ARMR5' '-Wall' '-O0' '-g3' '-I' 'C:\Users\harvi\FYP\kernel_02\src\dependencies' '-c' '-fmessage-length=0' '-MT' 'src/platform.o' '-mcpu=cortex-r5' '-mfloat-abi=hard' '-mfpu=vfpv3-d16' '-v' '-I' '../../kernel_02_bsp/psu_cortexr5_0/include' '-MMD' '-MP' '-MF' 'src/platform.d' '-MT' 'src/platform.o' '-o' 'src/platform.o' '-marm' '-march=armv7-r+fp+idiv'
 c:/xilinx/sdk/2019.1/gnu/armr5/nt/gcc-arm-none-eabi/bin/../lib/gcc/arm-none-eabi/8.2.0/cc1.exe -quiet -v -I C:\Users\harvi\FYP\kernel_02\src\dependencies -I ../../kernel_02_bsp/psu_cortexr5_0/include -imultilib thumb/v7+fp/hard -iprefix c:\xilinx\sdk\2019.1\gnu\armr5\nt\gcc-arm-none-eabi\bin\../lib/gcc/arm-none-eabi/8.2.0/ -isysroot c:\xilinx\sdk\2019.1\gnu\armr5\nt\gcc-arm-none-eabi\bin\../arm-none-eabi -MMD src/platform.d -MF src/platform.d -MP -MT src/platform.o -MT src/platform.o -dD -D__USES_INITFINI__ -D ARMR5 ../src/platform.c -quiet -dumpbase platform.c -mcpu=cortex-r5 -mfloat-abi=hard -mfpu=vfpv3-d16 -marm -march=armv7-r+fp+idiv -auxbase-strip src/platform.o -g3 -O0 -Wall -version -fmessage-length=0 -o C:\Users\harvi\AppData\Local\Temp\cccf6fTs.s
GNU C17 (GNU Tools for ARM Embedded Processors) version 8.2.0 (arm-none-eabi)
	compiled by GNU C version 4.8.0 20121015 (experimental), GMP version 6.1.0, MPFR version 3.1.4, MPC version 1.0.3, isl version isl-0.15-GMP

GGC heuristics: --param ggc-min-expand=100 --param ggc-min-heapsize=131072
ignoring duplicate directory "c:/xilinx/sdk/2019.1/gnu/armr5/nt/gcc-arm-none-eabi/lib/gcc/../../lib/gcc/arm-none-eabi/8.2.0/include"
ignoring nonexistent directory "c:\xilinx\sdk\2019.1\gnu\armr5\nt\gcc-arm-none-eabi\bin\../arm-none-eabi/proj/esdt_sdk/gnu_abe/arm_r5/gcc-arm-none-eabi-6_2-2016q4-20161216/install-mingw/lib/gcc/arm-none-eabi/8.2.0/../../../../include"
ignoring duplicate directory "c:/xilinx/sdk/2019.1/gnu/armr5/nt/gcc-arm-none-eabi/lib/gcc/../../lib/gcc/arm-none-eabi/8.2.0/include-fixed"
ignoring duplicate directory "c:/xilinx/sdk/2019.1/gnu/armr5/nt/gcc-arm-none-eabi/lib/gcc/../../lib/gcc/arm-none-eabi/8.2.0/../../../../arm-none-eabi/include"
ignoring nonexistent directory "c:\xilinx\sdk\2019.1\gnu\armr5\nt\gcc-arm-none-eabi\bin\../arm-none-eabi/usr/include"
#include "..." search starts here:
#include <...> search starts here:
 C:\Users\harvi\FYP\kernel_02\src\dependencies
 ../../kernel_02_bsp/psu_cortexr5_0/include
 c:\xilinx\sdk\2019.1\gnu\armr5\nt\gcc-arm-none-eabi\bin\../lib/gcc/arm-none-eabi/8.2.0/include
 c:\xilinx\sdk\2019.1\gnu\armr5\nt\gcc-arm-none-eabi\bin\../lib/gcc/arm-none-eabi/8.2.0/include-fixed
 c:\xilinx\sdk\2019.1\gnu\armr5\nt\gcc-arm-none-eabi\bin\../lib/gcc/arm-none-eabi/8.2.0/../../../../arm-none-eabi/include
End of search list.
GNU C17 (GNU Tools for ARM Embedded Processors) version 8.2.0 (arm-none-eabi)
	compiled by GNU C version 4.8.0 20121015 (experimental), GMP version 6.1.0, MPFR version 3.1.4, MPC version 1.0.3, isl version isl-0.15-GMP

GGC heuristics: --param ggc-min-expand=100 --param ggc-min-heapsize=131072
Compiler executable checksum: e5585b6776f513651d04f4c3b5c122c0
COLLECT_GCC_OPTIONS='-D' 'ARMR5' '-Wall' '-O0' '-g3' '-I' 'C:\Users\harvi\FYP\kernel_02\src\dependencies' '-c' '-fmessage-length=0' '-MT' 'src/platform.o' '-mcpu=cortex-r5' '-mfloat-abi=hard' '-mfpu=vfpv3-d16' '-v' '-I' '../../kernel_02_bsp/psu_cortexr5_0/include' '-MMD' '-MP' '-MF' 'src/platform.d' '-MT' 'src/platform.o' '-o' 'src/platform.o' '-marm' '-march=armv7-r+fp+idiv'
 c:/xilinx/sdk/2019.1/gnu/armr5/nt/gcc-arm-none-eabi/bin/../lib/gcc/arm-none-eabi/8.2.0/../../../../arm-none-eabi/bin/as.exe -v -I C:\Users\harvi\FYP\kernel_02\src\dependencies -I ../../kernel_02_bsp/psu_cortexr5_0/include -march=armv7-r+idiv -mfloat-abi=hard -mfpu=vfpv3-d16 -meabi=5 -o src/platform.o C:\Users\harvi\AppData\Local\Temp\cccf6fTs.s
GNU assembler version 2.31 (arm-none-eabi) using BFD version (GNU Tools for ARM Embedded Processors) 2.31
COMPILER_PATH=c:/xilinx/sdk/2019.1/gnu/armr5/nt/gcc-arm-none-eabi/bin/../lib/gcc/arm-none-eabi/8.2.0/;c:/xilinx/sdk/2019.1/gnu/armr5/nt/gcc-arm-none-eabi/bin/../lib/gcc/;c:/xilinx/sdk/2019.1/gnu/armr5/nt/gcc-arm-none-eabi/bin/../lib/gcc/arm-none-eabi/8.2.0/../../../../arm-none-eabi/bin/
LIBRARY_PATH=c:/xilinx/sdk/2019.1/gnu/armr5/nt/gcc-arm-none-eabi/bin/../lib/gcc/arm-none-eabi/8.2.0/thumb/v7+fp/hard/;c:/xilinx/sdk/2019.1/gnu/armr5/nt/gcc-arm-none-eabi/bin/../lib/gcc/arm-none-eabi/8.2.0/../../../../arm-none-eabi/lib/thumb/v7+fp/hard/;c:/xilinx/sdk/2019.1/gnu/armr5/nt/gcc-arm-none-eabi/bin/../arm-none-eabi/lib/thumb/v7+fp/hard/;c:/xilinx/sdk/2019.1/gnu/armr5/nt/gcc-arm-none-eabi/bin/../lib/gcc/arm-none-eabi/8.2.0/;c:/xilinx/sdk/2019.1/gnu/armr5/nt/gcc-arm-none-eabi/bin/../lib/gcc/;c:/xilinx/sdk/2019.1/gnu/armr5/nt/gcc-arm-none-eabi/bin/../lib/gcc/arm-none-eabi/8.2.0/../../../../arm-none-eabi/lib/;c:/xilinx/sdk/2019.1/gnu/armr5/nt/gcc-arm-none-eabi/bin/../arm-none-eabi/lib/
COLLECT_GCC_OPTIONS='-D' 'ARMR5' '-Wall' '-O0' '-g3' '-I' 'C:\Users\harvi\FYP\kernel_02\src\dependencies' '-c' '-fmessage-length=0' '-MT' 'src/platform.o' '-mcpu=cortex-r5' '-mfloat-abi=hard' '-mfpu=vfpv3-d16' '-v' '-I' '../../kernel_02_bsp/psu_cortexr5_0/include' '-MMD' '-MP' '-MF' 'src/platform.d' '-MT' 'src/platform.o' '-o' 'src/platform.o' '-marm' '-march=armv7-r+fp+idiv'
'Finished building: ../src/platform.c'
' '
'Building target: kernel_02.elf'
'Invoking: ARM R5 gcc linker'
armr5-none-eabi-gcc -L"C:\Users\harvi\FYP\kernel_02\src\dependencies" -mcpu=cortex-r5 -mfloat-abi=hard -mfpu=vfpv3-d16 -v -Wl,-T -Wl,../src/lscript.ld -L../../kernel_02_bsp/psu_cortexr5_0/lib -o "kernel_02.elf"  ./src/dependencies/crc.o ./src/dependencies/heap.o ./src/dependencies/thal.o ./src/dependencies/thlib.o  ./src/algotst.o ./src/bmark_lite.o ./src/platform.o   -Wl,--start-group,-lxil,-lgcc,-lc,--end-group
Using built-in specs.
COLLECT_GCC=armr5-none-eabi-gcc
COLLECT_LTO_WRAPPER=c:/xilinx/sdk/2019.1/gnu/armr5/nt/gcc-arm-none-eabi/bin/../lib/gcc/arm-none-eabi/8.2.0/lto-wrapper.exe
Target: arm-none-eabi
Configured with: /proj/esdt_sdk/gnu_abe/arm_r5/gcc-arm-none-eabi-6_2-2016q4-20161216/src/gcc/configure --build=x86_64-linux-gnu --host=i686-w64-mingw32 --target=arm-none-eabi --prefix=/proj/esdt_sdk/gnu_abe/arm_r5/gcc-arm-none-eabi-6_2-2016q4-20161216/install-mingw --libexecdir=/proj/esdt_sdk/gnu_abe/arm_r5/gcc-arm-none-eabi-6_2-2016q4-20161216/install-mingw/lib --infodir=/proj/esdt_sdk/gnu_abe/arm_r5/gcc-arm-none-eabi-6_2-2016q4-20161216/install-mingw/share/doc/gcc-arm-none-eabi/info --mandir=/proj/esdt_sdk/gnu_abe/arm_r5/gcc-arm-none-eabi-6_2-2016q4-20161216/install-mingw/share/doc/gcc-arm-none-eabi/man --htmldir=/proj/esdt_sdk/gnu_abe/arm_r5/gcc-arm-none-eabi-6_2-2016q4-20161216/install-mingw/share/doc/gcc-arm-none-eabi/html --pdfdir=/proj/esdt_sdk/gnu_abe/arm_r5/gcc-arm-none-eabi-6_2-2016q4-20161216/install-mingw/share/doc/gcc-arm-none-eabi/pdf --enable-languages=c,c++ --disable-decimal-float --disable-libffi --disable-libgomp --disable-libmudflap --disable-libquadmath --disable-libssp --disable-libstdcxx-pch --disable-nls --disable-shared --disable-threads --disable-tls --with-gnu-as --with-gnu-ld --with-headers=yes --with-newlib --with-python-dir=share/gcc-arm-none-eabi --with-sysroot=/proj/esdt_sdk/gnu_abe/arm_r5/gcc-arm-none-eabi-6_2-2016q4-20161216/install-mingw/arm-none-eabi --with-libiconv-prefix=/proj/esdt_sdk/gnu_abe/arm_r5/gcc-arm-none-eabi-6_2-2016q4-20161216/build-mingw/host-libs/usr --with-gmp=/proj/esdt_sdk/gnu_abe/arm_r5/gcc-arm-none-eabi-6_2-2016q4-20161216/build-mingw/host-libs/usr --with-mpfr=/proj/esdt_sdk/gnu_abe/arm_r5/gcc-arm-none-eabi-6_2-2016q4-20161216/build-mingw/host-libs/usr --with-mpc=/proj/esdt_sdk/gnu_abe/arm_r5/gcc-arm-none-eabi-6_2-2016q4-20161216/build-mingw/host-libs/usr --with-isl=/proj/esdt_sdk/gnu_abe/arm_r5/gcc-arm-none-eabi-6_2-2016q4-20161216/build-mingw/host-libs/usr --with-libelf=/proj/esdt_sdk/gnu_abe/arm_r5/gcc-arm-none-eabi-6_2-2016q4-20161216/build-mingw/host-libs/usr --with-host-libstdcxx='-static-libgcc -Wl,-Bstatic,-lstdc++,-Bdynamic -lm' --with-pkgversion='GNU Tools for ARM Embedded Processors' --with-multilib-list=rmprofile
Thread model: single
gcc version 8.2.0 (GNU Tools for ARM Embedded Processors) 
COMPILER_PATH=c:/xilinx/sdk/2019.1/gnu/armr5/nt/gcc-arm-none-eabi/bin/../lib/gcc/arm-none-eabi/8.2.0/;c:/xilinx/sdk/2019.1/gnu/armr5/nt/gcc-arm-none-eabi/bin/../lib/gcc/;c:/xilinx/sdk/2019.1/gnu/armr5/nt/gcc-arm-none-eabi/bin/../lib/gcc/arm-none-eabi/8.2.0/../../../../arm-none-eabi/bin/
LIBRARY_PATH=c:/xilinx/sdk/2019.1/gnu/armr5/nt/gcc-arm-none-eabi/bin/../lib/gcc/arm-none-eabi/8.2.0/thumb/v7+fp/hard/;c:/xilinx/sdk/2019.1/gnu/armr5/nt/gcc-arm-none-eabi/bin/../lib/gcc/arm-none-eabi/8.2.0/../../../../arm-none-eabi/lib/thumb/v7+fp/hard/;c:/xilinx/sdk/2019.1/gnu/armr5/nt/gcc-arm-none-eabi/bin/../arm-none-eabi/lib/thumb/v7+fp/hard/;c:/xilinx/sdk/2019.1/gnu/armr5/nt/gcc-arm-none-eabi/bin/../lib/gcc/arm-none-eabi/8.2.0/;c:/xilinx/sdk/2019.1/gnu/armr5/nt/gcc-arm-none-eabi/bin/../lib/gcc/;c:/xilinx/sdk/2019.1/gnu/armr5/nt/gcc-arm-none-eabi/bin/../lib/gcc/arm-none-eabi/8.2.0/../../../../arm-none-eabi/lib/;c:/xilinx/sdk/2019.1/gnu/armr5/nt/gcc-arm-none-eabi/bin/../arm-none-eabi/lib/
COLLECT_GCC_OPTIONS='-LC:\Users\harvi\FYP\kernel_02\src\dependencies' '-mcpu=cortex-r5' '-mfloat-abi=hard' '-mfpu=vfpv3-d16' '-v' '-L../../kernel_02_bsp/psu_cortexr5_0/lib' '-o' 'kernel_02.elf' '-marm' '-march=armv7-r+fp+idiv'
 c:/xilinx/sdk/2019.1/gnu/armr5/nt/gcc-arm-none-eabi/bin/../lib/gcc/arm-none-eabi/8.2.0/collect2.exe -plugin c:/xilinx/sdk/2019.1/gnu/armr5/nt/gcc-arm-none-eabi/bin/../lib/gcc/arm-none-eabi/8.2.0/liblto_plugin-0.dll -plugin-opt=c:/xilinx/sdk/2019.1/gnu/armr5/nt/gcc-arm-none-eabi/bin/../lib/gcc/arm-none-eabi/8.2.0/lto-wrapper.exe -plugin-opt=-fresolution=C:\Users\harvi\AppData\Local\Temp\ccDECGAm.res -plugin-opt=-pass-through=-lgcc -plugin-opt=-pass-through=-lc --sysroot=c:\xilinx\sdk\2019.1\gnu\armr5\nt\gcc-arm-none-eabi\bin\../arm-none-eabi -X -o kernel_02.elf c:/xilinx/sdk/2019.1/gnu/armr5/nt/gcc-arm-none-eabi/bin/../lib/gcc/arm-none-eabi/8.2.0/thumb/v7+fp/hard/crti.o c:/xilinx/sdk/2019.1/gnu/armr5/nt/gcc-arm-none-eabi/bin/../lib/gcc/arm-none-eabi/8.2.0/thumb/v7+fp/hard/crtbegin.o c:/xilinx/sdk/2019.1/gnu/armr5/nt/gcc-arm-none-eabi/bin/../lib/gcc/arm-none-eabi/8.2.0/../../../../arm-none-eabi/lib/thumb/v7+fp/hard/crt0.o -LC:\Users\harvi\FYP\kernel_02\src\dependencies -L../../kernel_02_bsp/psu_cortexr5_0/lib -Lc:/xilinx/sdk/2019.1/gnu/armr5/nt/gcc-arm-none-eabi/bin/../lib/gcc/arm-none-eabi/8.2.0/thumb/v7+fp/hard -Lc:/xilinx/sdk/2019.1/gnu/armr5/nt/gcc-arm-none-eabi/bin/../lib/gcc/arm-none-eabi/8.2.0/../../../../arm-none-eabi/lib/thumb/v7+fp/hard -Lc:/xilinx/sdk/2019.1/gnu/armr5/nt/gcc-arm-none-eabi/bin/../arm-none-eabi/lib/thumb/v7+fp/hard -Lc:/xilinx/sdk/2019.1/gnu/armr5/nt/gcc-arm-none-eabi/bin/../lib/gcc/arm-none-eabi/8.2.0 -Lc:/xilinx/sdk/2019.1/gnu/armr5/nt/gcc-arm-none-eabi/bin/../lib/gcc -Lc:/xilinx/sdk/2019.1/gnu/armr5/nt/gcc-arm-none-eabi/bin/../lib/gcc/arm-none-eabi/8.2.0/../../../../arm-none-eabi/lib -Lc:/xilinx/sdk/2019.1/gnu/armr5/nt/gcc-arm-none-eabi/bin/../arm-none-eabi/lib -T ../src/lscript.ld ./src/dependencies/crc.o ./src/dependencies/heap.o ./src/dependencies/thal.o ./src/dependencies/thlib.o ./src/algotst.o ./src/bmark_lite.o ./src/platform.o --start-group -lxil -lgcc -lc --end-group --start-group -lgcc -lc --end-group c:/xilinx/sdk/2019.1/gnu/armr5/nt/gcc-arm-none-eabi/bin/../lib/gcc/arm-none-eabi/8.2.0/thumb/v7+fp/hard/crtend.o c:/xilinx/sdk/2019.1/gnu/armr5/nt/gcc-arm-none-eabi/bin/../lib/gcc/arm-none-eabi/8.2.0/thumb/v7+fp/hard/crtn.o
c:/xilinx/sdk/2019.1/gnu/armr5/nt/gcc-arm-none-eabi/bin/../lib/gcc/arm-none-eabi/8.2.0/../../../../arm-none-eabi/bin/ld.exe: c:/xilinx/sdk/2019.1/gnu/armr5/nt/gcc-arm-none-eabi/bin/../lib/gcc/arm-none-eabi/8.2.0/../../../../arm-none-eabi/lib/thumb/v7+fp/hard\libc.a(lib_a-writer.o): in function `_write_r':
writer.c:(.text._write_r+0x18): undefined reference to `_write'
c:/xilinx/sdk/2019.1/gnu/armr5/nt/gcc-arm-none-eabi/bin/../lib/gcc/arm-none-eabi/8.2.0/../../../../arm-none-eabi/bin/ld.exe: c:/xilinx/sdk/2019.1/gnu/armr5/nt/gcc-arm-none-eabi/bin/../lib/gcc/arm-none-eabi/8.2.0/../../../../arm-none-eabi/lib/thumb/v7+fp/hard\libc.a(lib_a-closer.o): in function `_close_r':
closer.c:(.text._close_r+0x12): undefined reference to `_close'
c:/xilinx/sdk/2019.1/gnu/armr5/nt/gcc-arm-none-eabi/bin/../lib/gcc/arm-none-eabi/8.2.0/../../../../arm-none-eabi/bin/ld.exe: c:/xilinx/sdk/2019.1/gnu/armr5/nt/gcc-arm-none-eabi/bin/../lib/gcc/arm-none-eabi/8.2.0/../../../../arm-none-eabi/lib/thumb/v7+fp/hard\libc.a(lib_a-readr.o): in function `_read_r':
readr.c:(.text._read_r+0x18): undefined reference to `_read'
collect2.exe: error: ld returned 1 exit status
make: *** [makefile:39: kernel_02.elf] Error 1

08:41:38 Build Finished (took 9s.182ms)

